<?xml version="1.0" encoding="UTF-8"?>
<testng-results ignored="0" total="1" passed="1" failed="0" skipped="0">
  <reporter-output>
  </reporter-output>
  <suite started-at="2023-08-26T09:28:42 IST" name="Suite" finished-at="2023-08-26T09:29:00 IST" duration-ms="17977">
    <groups>
    </groups>
    <test started-at="2023-08-26T09:28:42 IST" name="Test2" finished-at="2023-08-26T09:29:00 IST" duration-ms="17977">
      <class name="Testing">
        <test-method signature="startBrowser(java.lang.String)[pri:0, instance:Testing@1a0dcaa]" started-at="2023-08-26T09:28:42 IST" name="startBrowser" finished-at="2023-08-26T09:29:00 IST" duration-ms="17939" status="PASS">
          <params>
            <param index="0">
              <value>
                <![CDATA[Edge]]>
              </value>
            </param>
          </params>
          <reporter-output>
          </reporter-output>
        </test-method> <!-- startBrowser -->
      </class> <!-- Testing -->
    </test> <!-- Test2 -->
  </suite> <!-- Suite -->
</testng-results>
