<?xml version="1.0" encoding="UTF-8"?>
<testng-results ignored="0" total="1" passed="1" failed="0" skipped="0">
  <reporter-output>
  </reporter-output>
  <suite started-at="2023-08-24T10:52:26 IST" name="Testing" finished-at="2023-08-24T10:52:31 IST" duration-ms="4997">
    <groups>
    </groups>
    <test started-at="2023-08-24T10:52:26 IST" name="Command line test" finished-at="2023-08-24T10:52:31 IST" duration-ms="4997">
      <class name="Testing">
        <test-method signature="startBrowser()[pri:0, instance:Testing@8b87145]" started-at="2023-08-24T10:52:26 IST" name="startBrowser" finished-at="2023-08-24T10:52:31 IST" duration-ms="4975" status="PASS">
          <reporter-output>
          </reporter-output>
        </test-method> <!-- startBrowser -->
      </class> <!-- Testing -->
    </test> <!-- Command line test -->
  </suite> <!-- Testing -->
</testng-results>
